
> nextn@0.1.0 dev
> next dev --turbopack -p 9002

   ▲ Next.js 15.3.3 (Turbopack)
   - Local:        http://localhost:9002
   - Network:      http://192.168.0.2:9002

 ✓ Starting...
 ✓ Ready in 2.9s
 ○ Compiling /register ...
 ✓ Compiled /register in 8.5s
 GET /register 200 in 9414ms
 ○ Compiling /login ...
 ✓ Compiled /login in 1740ms
 GET /login 200 in 1824ms
 ○ Compiling / ...
 ✓ Compiled / in 3.1s
 GET / 200 in 3158ms
 GET /register 200 in 115ms
 GET /login 200 in 54ms
 GET / 200 in 57ms
 GET / 200 in 317ms
