
> nextn@0.1.0 dev
> next dev --turbopack -p 9002

   ▲ Next.js 15.3.3 (Turbopack)
   - Local:        http://localhost:9002
   - Network:      http://192.168.0.2:9002

 ✓ Starting...
 ✓ Ready in 2.5s
 ○ Compiling / ...
 ✓ Compiled / in 8.4s
 ⨯ TypeError: Cannot read properties of undefined (reading 'avatarUrl')
    at ChatSidebar (src/components/chat-sidebar.tsx:109:35)
  107 |       <div className="p-4 border-t flex items-center gap-3">
  108 |          <Avatar className="h-10 w-10 border-2 border-primary">
> 109 |             <AvatarImage src={user.avatarUrl} alt={user.name} />
      |                                   ^
  110 |             <AvatarFallback>{user.name.charAt(0)}</AvatarFallback>
  111 |          </Avatar>
  112 |          <div className="flex-1"> {
  digest: '10109415'
}
 GET / 500 in 9264ms
 GET / 200 in 395ms
 GET / 200 in 255ms
 GET / 200 in 304ms
 GET / 200 in 122ms
