Trying to connect to RabbitMQ...
2025-12-13 06:11:41,373 [INFO] Pika version 1.3.2 connecting to ('::1', 5672, 0, 0)
2025-12-13 06:11:41,374 [INFO] Socket connected: <socket.socket fd=6, family=10, type=1, proto=6, laddr=('::1', 50528, 0, 0), raddr=('::1', 5672, 0, 0)>
2025-12-13 06:11:41,375 [INFO] Streaming transport linked up: (<pika.adapters.utils.io_services_utils._AsyncPlaintextTransport object at 0x7f15f3c34920>, _StreamingProtocolShim: <SelectConnection PROTOCOL transport=<pika.adapters.utils.io_services_utils._AsyncPlaintextTransport object at 0x7f15f3c34920> params=<ConnectionParameters host=localhost port=5672 virtual_host=/ ssl=False>>).
2025-12-13 06:11:41,378 [INFO] AMQPConnector - reporting success: <SelectConnection OPEN transport=<pika.adapters.utils.io_services_utils._AsyncPlaintextTransport object at 0x7f15f3c34920> params=<ConnectionParameters host=localhost port=5672 virtual_host=/ ssl=False>>
2025-12-13 06:11:41,379 [INFO] AMQPConnectionWorkflow - reporting success: <SelectConnection OPEN transport=<pika.adapters.utils.io_services_utils._AsyncPlaintextTransport object at 0x7f15f3c34920> params=<ConnectionParameters host=localhost port=5672 virtual_host=/ ssl=False>>
2025-12-13 06:11:41,379 [INFO] Connection workflow succeeded: <SelectConnection OPEN transport=<pika.adapters.utils.io_services_utils._AsyncPlaintextTransport object at 0x7f15f3c34920> params=<ConnectionParameters host=localhost port=5672 virtual_host=/ ssl=False>>
2025-12-13 06:11:41,379 [INFO] Created channel=1
Consumer started and listening on: chat_queue
DEBUG: Callback hit. Body len: 97
Received message: {'type': 'FRIEND_REQUEST', 'sender_id': 27, 'receiver_id': 28, 'sender_name': 'usera_1765606319'}
Processed FRIEND_REQUEST
DEBUG: Callback hit. Body len: 155
Received message: {'type': 'FRIEND_ACCEPTED', 'initiator_id': 27, 'acceptor_id': 28, 'sender_name': 'usera_1765606319', 'acceptor_name': 'userb_1765606319', 'notif_id': '9'}
Processed FRIEND_ACCEPTED
DEBUG: Callback hit. Body len: 97
Received message: {'type': 'FRIEND_REQUEST', 'sender_id': 29, 'receiver_id': 30, 'sender_name': 'usera_1765616956'}
Processed FRIEND_REQUEST
DEBUG: Callback hit. Body len: 156
Received message: {'type': 'FRIEND_ACCEPTED', 'initiator_id': 29, 'acceptor_id': 30, 'sender_name': 'usera_1765616956', 'acceptor_name': 'userb_1765616956', 'notif_id': '10'}
Processed FRIEND_ACCEPTED
DEBUG: Callback hit. Body len: 97
Received message: {'type': 'FRIEND_REQUEST', 'sender_id': 31, 'receiver_id': 32, 'sender_name': 'usera_1765617039'}
Processed FRIEND_REQUEST
